<?xml version="1.0" encoding="UTF-8"?>
<!-- Generated by org.testng.reporters.JUnitReportReporter -->
<testsuite hostname="DESKTOP-07935JK" failures="0" tests="1" name="testNG.CarNames" time="5.174" errors="0" timestamp="2024-11-17T12:21:28 IST" skipped="0">
  <testcase classname="testNG.CarNames" name="printNames" time="5.174"/>
</testsuite> <!-- testNG.CarNames -->
