<?xml version="1.0" encoding="UTF-8"?>
<!-- Generated by org.testng.reporters.JUnitReportReporter -->
<testsuite hostname="DESKTOP-07935JK" failures="0" tests="1" name="javaCoding.ClosestToZero" time="0.009" errors="0" timestamp="2025-09-13T16:15:11 IST" skipped="0">
  <testcase classname="javaCoding.ClosestToZero" name="ClosestToZeroMeth" time="0.009"/>
</testsuite> <!-- javaCoding.ClosestToZero -->
