<?xml version="1.0" encoding="UTF-8"?>
<!-- Generated by org.testng.reporters.JUnitReportReporter -->
<testsuite hostname="DESKTOP-07935JK" failures="0" tests="1" name="javaCoding.ClosestToZero" time="0.012" errors="0" timestamp="2024-10-26T19:21:14 IST" skipped="0">
  <testcase classname="javaCoding.ClosestToZero" name="ClosestToZeroMeth" time="0.012"/>
</testsuite> <!-- javaCoding.ClosestToZero -->
