<?xml version="1.0" encoding="UTF-8"?>
<!-- Generated by org.testng.reporters.JUnitReportReporter -->
<testsuite hostname="DESKTOP-07935JK" failures="0" tests="2" name="javaCoding.MoveZeroesOfArrays" time="0.013" errors="0" timestamp="2025-10-24T08:05:07 IST" skipped="0">
  <testcase classname="javaCoding.MoveZeroesOfArrays" name="moveZeroesOfArrays" time="0.003"/>
  <testcase classname="javaCoding.MoveZeroesOfArrays" name="moveZeroesInPlaceOptimalApproach" time="0.010"/>
</testsuite> <!-- javaCoding.MoveZeroesOfArrays -->
