<?xml version="1.0" encoding="UTF-8"?>
<!-- Generated by org.testng.reporters.JUnitReportReporter -->
<testsuite hostname="DESKTOP-07935JK" failures="0" tests="2" name="javaCoding.ArraySortingAlgorithm" time="0.009" errors="0" timestamp="2025-09-28T14:35:34 IST" skipped="0">
  <testcase classname="javaCoding.ArraySortingAlgorithm" name="findThirdLargestNumWithoutUsingSortingAndDefaultMethods" time="0.001"/>
  <testcase classname="javaCoding.ArraySortingAlgorithm" name="bubbleSortAlgorithm" time="0.008"/>
</testsuite> <!-- javaCoding.ArraySortingAlgorithm -->
