<?xml version="1.0" encoding="UTF-8"?>
<!-- Generated by org.testng.reporters.JUnitReportReporter -->
<testsuite hostname="DESKTOP-07935JK" failures="0" tests="1" name="javaCoding.StarPattern" time="0.009" errors="0" timestamp="2024-10-29T18:56:24 IST" skipped="0">
  <testcase classname="javaCoding.StarPattern" name="mapListfunc" time="0.009"/>
</testsuite> <!-- javaCoding.StarPattern -->
