<?xml version="1.0" encoding="UTF-8"?>
<!-- Generated by org.testng.reporters.JUnitReportReporter -->
<testsuite hostname="DESKTOP-07935JK" failures="0" tests="1" name="javaCoding.SortCharactersByFrequency" time="0.010" errors="0" timestamp="2025-09-20T20:37:11 IST" skipped="0">
  <testcase classname="javaCoding.SortCharactersByFrequency" name="sortChars" time="0.010"/>
</testsuite> <!-- javaCoding.SortCharactersByFrequency -->
