<?xml version="1.0" encoding="UTF-8"?>
<!-- Generated by org.testng.reporters.JUnitReportReporter -->
<testsuite hostname="DESKTOP-07935JK" failures="0" tests="1" name="javaCoding.coomonSuffix" time="0.011" errors="0" timestamp="2024-11-22T12:00:22 IST" skipped="0">
  <testcase classname="javaCoding.coomonSuffix" name="commonSuffixFunc" time="0.011"/>
</testsuite> <!-- javaCoding.coomonSuffix -->
