<?xml version="1.0" encoding="UTF-8"?>
<!-- Generated by org.testng.reporters.JUnitReportReporter -->
<testsuite hostname="DESKTOP-07935JK" failures="0" tests="2" name="javaCoding.ReverseOvwelsInString" time="0.051" errors="0" timestamp="2024-11-23T20:02:55 IST" skipped="0">
  <testcase classname="javaCoding.ReverseOvwelsInString" name="reverseOfVowelsOptimalSol" time="0.043"/>
  <testcase classname="javaCoding.ReverseOvwelsInString" name="reverseVowels" time="0.008"/>
</testsuite> <!-- javaCoding.ReverseOvwelsInString -->
