<?xml version="1.0" encoding="UTF-8"?>
<!-- Generated by org.testng.reporters.JUnitReportReporter -->
<testsuite hostname="DESKTOP-07935JK" failures="0" tests="3" name="testNgParallelTest.ParallelTest" time="25.468" errors="0" timestamp="2024-11-17T16:42:39 IST" skipped="0">
  <testcase classname="testNgParallelTest.ParallelTest" name="testMethod" time="10.167"/>
  <testcase classname="testNgParallelTest.ParallelTest" name="testMethod" time="6.385"/>
  <testcase classname="testNgParallelTest.ParallelTest" name="testMethod" time="8.916"/>
</testsuite> <!-- testNgParallelTest.ParallelTest -->
