<?xml version="1.0" encoding="UTF-8"?>
<!-- Generated by org.testng.reporters.JUnitReportReporter -->
<testsuite hostname="DESKTOP-07935JK" failures="0" tests="1" name="javaCoding.mapList" time="0.007" errors="0" timestamp="2024-10-29T18:48:02 IST" skipped="0">
  <testcase classname="javaCoding.mapList" name="mapListfunc" time="0.007"/>
</testsuite> <!-- javaCoding.mapList -->
