<?xml version="1.0" encoding="UTF-8"?>
<!-- Generated by org.testng.reporters.JUnitReportReporter -->
<testsuite hostname="DESKTOP-07935JK" failures="0" tests="1" name="javaCoding.findMissingNumberInArray" time="0.007" errors="0" timestamp="2025-10-26T16:51:13 IST" skipped="0">
  <testcase classname="javaCoding.findMissingNumberInArray" name="findMissingNumberInArray" time="0.007"/>
</testsuite> <!-- javaCoding.findMissingNumberInArray -->
