<?xml version="1.0" encoding="UTF-8"?>
<!-- Generated by org.testng.reporters.JUnitReportReporter -->
<testsuite hostname="DESKTOP-07935JK" failures="0" tests="1" name="pageObjectModel.TestClass" time="0.008" errors="0" timestamp="2025-09-20T22:17:55 IST" skipped="0">
  <testcase classname="pageObjectModel.TestClass" name="testLogin" time="0.008"/>
</testsuite> <!-- pageObjectModel.TestClass -->
