<?xml version="1.0" encoding="UTF-8"?>
<!-- Generated by org.testng.reporters.JUnitReportReporter -->
<testsuite hostname="DESKTOP-07935JK" failures="0" tests="1" name="javaCoding.anagramCheck" time="0.007" errors="0" timestamp="2025-09-19T22:43:55 IST" skipped="0">
  <testcase classname="javaCoding.anagramCheck" name="anagramcheck" time="0.007"/>
</testsuite> <!-- javaCoding.anagramCheck -->
