<?xml version="1.0" encoding="UTF-8"?>
<!-- Generated by org.testng.reporters.JUnitReportReporter -->
<testsuite hostname="DESKTOP-07935JK" failures="0" tests="2" name="javaCoding.StringCompression" time="0.009" errors="0" timestamp="2025-10-12T22:10:13 IST" skipped="0">
  <testcase classname="javaCoding.StringCompression" name="StringCompression2" time="0.001"/>
  <testcase classname="javaCoding.StringCompression" name="StringCompression" time="0.008"/>
</testsuite> <!-- javaCoding.StringCompression -->
