<?xml version="1.0" encoding="UTF-8"?>
<!-- Generated by org.testng.reporters.JUnitReportReporter -->
<testsuite hostname="DESKTOP-07935JK" failures="0" tests="1" name="javaCoding.LongestStringNumber" time="0.011" errors="0" timestamp="2024-12-07T21:27:41 IST" skipped="0">
  <testcase classname="javaCoding.LongestStringNumber" name="longestStringNumber" time="0.011"/>
</testsuite> <!-- javaCoding.LongestStringNumber -->
