<?xml version="1.0" encoding="UTF-8"?>
<!-- Generated by org.testng.reporters.JUnitReportReporter -->
<testsuite hostname="DESKTOP-07935JK" failures="0" tests="5" name="restAssuredDemo.Rest" time="6.336" errors="0" timestamp="2025-03-27T21:51:39 IST" skipped="0">
  <testcase classname="restAssuredDemo.Rest" name="restCheck" time="2.772"/>
  <testcase classname="restAssuredDemo.Rest" name="GetJsonArrayData" time="0.441"/>
  <testcase classname="restAssuredDemo.Rest" name="PostMethod" time="0.729"/>
  <testcase classname="restAssuredDemo.Rest" name="DeleteMethod" time="0.574"/>
  <testcase classname="restAssuredDemo.Rest" name="PutMethod" time="1.820"/>
</testsuite> <!-- restAssuredDemo.Rest -->
