<?xml version="1.0" encoding="UTF-8"?>
<!-- Generated by org.testng.reporters.JUnitReportReporter -->
<testsuite hostname="DESKTOP-07935JK" failures="0" tests="1" name="javaCoding.Palindrome" time="0.007" errors="0" timestamp="2025-09-28T16:05:54 IST" skipped="0">
  <testcase classname="javaCoding.Palindrome" name="palindromeCheck" time="0.007"/>
</testsuite> <!-- javaCoding.Palindrome -->
