<?xml version="1.0" encoding="UTF-8"?>
<!-- Generated by org.testng.reporters.JUnitReportReporter -->
<testsuite hostname="DESKTOP-07935JK" failures="0" tests="2" name="javaCoding.MinimumDenominations" time="0.009" errors="0" timestamp="2025-10-23T07:07:32 IST" skipped="0">
  <testcase classname="javaCoding.MinimumDenominations" name="minimumDenominationsUsingForLoop" time="0.001"/>
  <testcase classname="javaCoding.MinimumDenominations" name="minimumDenominations" time="0.008"/>
</testsuite> <!-- javaCoding.MinimumDenominations -->
