<?xml version="1.0" encoding="UTF-8"?>
<!-- Generated by org.testng.reporters.JUnitReportReporter -->
<testsuite hostname="DESKTOP-07935JK" failures="0" tests="1" name="testNG.CarNames" time="8.244" errors="0" timestamp="2024-10-22T11:37:00 IST" skipped="0">
  <testcase classname="testNG.CarNames" name="printNames" time="8.244"/>
</testsuite> <!-- testNG.CarNames -->
