<?xml version="1.0" encoding="UTF-8"?>
<!-- Generated by org.testng.reporters.JUnitReportReporter -->
<testsuite hostname="DESKTOP-07935JK" failures="0" tests="2" name="javaCoding.AppleCodingQuestion" time="0.015" errors="0" timestamp="2025-10-25T14:35:15 IST" skipped="0">
  <testcase classname="javaCoding.AppleCodingQuestion" name="rebuildMessage" time="0.002"/>
  <testcase classname="javaCoding.AppleCodingQuestion" name="factorizeExtremities" time="0.013"/>
</testsuite> <!-- javaCoding.AppleCodingQuestion -->
