<?xml version="1.0" encoding="UTF-8"?>
<!-- Generated by org.testng.reporters.JUnitReportReporter -->
<testsuite hostname="DESKTOP-07935JK" failures="0" tests="1" name="testNG.CarNames" time="8.367" errors="0" timestamp="2025-09-13T16:56:41 IST" skipped="0">
  <testcase classname="testNG.CarNames" name="printNames" time="8.367"/>
</testsuite> <!-- testNG.CarNames -->
