<?xml version="1.0" encoding="UTF-8"?>
<!-- Generated by org.testng.reporters.JUnitReportReporter -->
<testsuite hostname="DESKTOP-07935JK" failures="0" tests="9" name="testNG.TestNgAnnotations" time="0.020" errors="0" timestamp="2025-09-14T18:57:57 IST" skipped="0">
  <testcase classname="testNG.TestNgAnnotations" name="invocationCount" time="0.002"/>
  <testcase classname="testNG.TestNgAnnotations" name="dataProviderTest" time="0.002"/>
  <testcase classname="testNG.TestNgAnnotations" name="parameters" time="0.001"/>
  <testcase classname="testNG.TestNgAnnotations" name="invocationCount" time="0.003"/>
  <testcase classname="testNG.TestNgAnnotations" name="dependsOnMethods" time="0.003"/>
  <testcase classname="testNG.TestNgAnnotations" name="dataProviderTest" time="0.002"/>
  <testcase classname="testNG.TestNgAnnotations" name="invocationCount" time="0.004"/>
  <testcase classname="testNG.TestNgAnnotations" name="parametersOptional" time="0.001"/>
  <testcase classname="testNG.TestNgAnnotations" name="enabled" time="0.002"/>
</testsuite> <!-- testNG.TestNgAnnotations -->
